{"docName":"fancy-side-menu","path":"~/Workshop/1/fancy-side-menu","relativeImagePath":"images","imagePath":"~/Workshop/1/fancy-side-menu/images","framerPath":"~/Workshop/1/fancy-side-menu/framer","viewInfoPath":"~/Workshop/1/fancy-side-menu/framer/views.fancy-side-menu.js","logPaths":["/tmp/framerps.log","~/Workshop/1/fancy-side-menu/framer/framerps.log"]}

Running for ~/Workshop/1/fancy-side-menu
Could not read data file
iphone: Calculating vector mask bounds
feed scroll: Calculating vector mask bounds
feed content: Exporting image
PROGRESS: 44.4444444444444
PROGRESS: 44.4444444444444
nav bar: Exporting image
PROGRESS: 55.5555555555556
PROGRESS: 55.5555555555556
side menu: Exporting image
separators: Exporting image
PROGRESS: 77.7777777777778
menu options: Exporting image
PROGRESS: 88.8888888888889
PROGRESS: 88.8888888888889
background: Exporting image
PROGRESS: 100
PROGRESS: 100
9 views changed
Writing ~/Workshop/1/fancy-side-menu/index.html
Writing ~/Workshop/1/fancy-side-menu/app.js
Writing ~/Workshop/1/fancy-side-menu/framer/framer.js
Writing ~/Workshop/1/fancy-side-menu/framer/framerps.js

SUCCESS: ~/Workshop/1/fancy-side-menu
